<?xml version="1.0" encoding="UTF-8"?>
<!-- Generated by org.testng.reporters.JUnitXMLReporter -->
<testsuite ignored="0" hostname="DESKTOP-1FO3P8F" failures="0" tests="4" name="Default test" time="82.343" errors="0" timestamp="2024-05-08T10:54:09 IST">
  <testcase classname="com.ExyDoc.TestClasses.TC002_Verify_Add_Groups_Functionality" name="verify_Add_Groups_Informaton_Functionality" time="5.144"/>
  <testcase classname="com.ExyDoc.TestClasses.TC001_VerifyLoginFunctionality" name="verify_Login_Functionality" time="0.212"/>
  <testcase classname="com.ExyDoc.TestClasses.TC003_Verify_Logout_Functionality" name="verify_Logout_Functionality" time="4.552"/>
  <testcase classname="com.ExyDoc.TestClasses.TC004_Verify_Add_Group_Address_Functionality" name="verify_Add_Group_Address_Functionality" time="6.754"/>
</testsuite> <!-- Default test -->
