<?xml version="1.0" encoding="UTF-8"?>
<!-- Generated by org.testng.reporters.JUnitXMLReporter -->
<testsuite ignored="0" hostname="DESKTOP-1FO3P8F" failures="0" tests="4" name="Test" time="88.527" errors="0" timestamp="2024-04-29T12:12:16 IST">
  <testcase classname="com.ExyDoc.TestClasses.TC001_VerifyLoginFunctionality" name="verify_Login_Functionality" time="0.255"/>
  <testcase classname="com.ExyDoc.TestClasses.TC003_Verify_Logout_Functionality" name="verify_Logout_Functionality" time="5.074"/>
  <testcase classname="com.ExyDoc.TestClasses.TC002_Verify_Add_Groups_Functionality" name="verify_Add_Groups_Informaton_Functionality" time="6.046"/>
  <testcase classname="com.ExyDoc.TestClasses.TC004_Verify_Add_Group_Address_Functionality" name="verify_Add_Group_Address_Functionality" time="8.383"/>
</testsuite> <!-- Test -->
