<?xml version="1.0" encoding="UTF-8"?>
<!-- Generated by org.testng.reporters.JUnitXMLReporter -->
<testsuite ignored="0" hostname="LAPTOP-5VJ5O17R" failures="0" tests="3" name="Test" time="90.849" errors="0" timestamp="2024-04-28T13:40:27 IST">
  <testcase classname="com.ExyDoc.TestClasses.TC001_VerifyLoginFunctionality" name="verify_Login_Functionality" time="0.282"/>
  <testcase classname="com.ExyDoc.TestClasses.TC002_Verify_Add_Groups_Functionality" name="verify_Add_Groups_Functionality" time="6.43"/>
  <testcase classname="com.ExyDoc.TestClasses.TC003_Verify_Logout_Functionality" name="verify_Logout_Functionality" time="2.621"/>
</testsuite> <!-- Test -->
