<?xml version="1.0" encoding="UTF-8"?>
<testng-results ignored="0" total="4" passed="3" failed="1" skipped="0">
  <reporter-output>
  </reporter-output>
  <suite started-at="2024-04-28T22:36:33 IST" name="Suite" finished-at="2024-04-28T22:38:26 IST" duration-ms="113463">
    <groups>
    </groups>
    <test started-at="2024-04-28T22:36:33 IST" name="Test" finished-at="2024-04-28T22:38:26 IST" duration-ms="113463">
      <class name="com.ExyDoc.TestClasses.TC001_VerifyLoginFunctionality">
        <test-method is-config="true" signature="setUp()[pri:0, instance:com.ExyDoc.TestClasses.TC001_VerifyLoginFunctionality@5c33f1a9]" started-at="2024-04-28T22:36:33 IST" name="setUp" finished-at="2024-04-28T22:36:48 IST" duration-ms="15381" status="PASS">
          <reporter-output>
          </reporter-output>
        </test-method> <!-- setUp -->
        <test-method signature="verify_Login_Functionality()[pri:0, instance:com.ExyDoc.TestClasses.TC001_VerifyLoginFunctionality@5c33f1a9]" started-at="2024-04-28T22:36:48 IST" name="verify_Login_Functionality" finished-at="2024-04-28T22:36:50 IST" duration-ms="1531" status="PASS">
          <reporter-output>
          </reporter-output>
        </test-method> <!-- verify_Login_Functionality -->
        <test-method is-config="true" signature="tearDown()[pri:0, instance:com.ExyDoc.TestClasses.TC001_VerifyLoginFunctionality@5c33f1a9]" started-at="2024-04-28T22:36:50 IST" name="tearDown" finished-at="2024-04-28T22:36:53 IST" duration-ms="3376" status="PASS">
          <reporter-output>
          </reporter-output>
        </test-method> <!-- tearDown -->
      </class> <!-- com.ExyDoc.TestClasses.TC001_VerifyLoginFunctionality -->
      <class name="com.ExyDoc.TestClasses.TC002_Verify_Add_Groups_Functionality">
        <test-method is-config="true" signature="setUp()[pri:0, instance:com.ExyDoc.TestClasses.TC002_Verify_Add_Groups_Functionality@4efbca5a]" started-at="2024-04-28T22:37:12 IST" name="setUp" finished-at="2024-04-28T22:37:25 IST" duration-ms="13184" status="PASS">
          <reporter-output>
          </reporter-output>
        </test-method> <!-- setUp -->
        <test-method signature="verify_Add_Groups_Informaton_Functionality(java.lang.String,java.lang.String,java.lang.String,java.lang.String,java.lang.String,java.lang.String,java.lang.String)[pri:0, instance:com.ExyDoc.TestClasses.TC002_Verify_Add_Groups_Functionality@4efbca5a]" started-at="2024-04-28T22:37:27 IST" name="verify_Add_Groups_Informaton_Functionality" data-provider="GroupInformation" finished-at="2024-04-28T22:38:00 IST" duration-ms="32989" status="FAIL">
          <params>
            <param index="0">
              <value>
                <![CDATA[ExyDoc1]]>
              </value>
            </param>
            <param index="1">
              <value>
                <![CDATA[234567891]]>
              </value>
            </param>
            <param index="2">
              <value>
                <![CDATA[ExyDoc1.com]]>
              </value>
            </param>
            <param index="3">
              <value>
                <![CDATA[vishu@exydoc1]]>
              </value>
            </param>
            <param index="4">
              <value>
                <![CDATA[HER@exydoc1]]>
              </value>
            </param>
            <param index="5">
              <value>
                <![CDATA[04/27/2024]]>
              </value>
            </param>
            <param index="6">
              <value>
                <![CDATA[04/28/2024]]>
              </value>
            </param>
          </params>
          <exception class="org.openqa.selenium.NoSuchElementException">
            <message>
              <![CDATA[no such element: Unable to locate element: {"method":"xpath","selector":"//*[@id="v-pills-tabContent"]/div/div/div[1]/div/h2"}
  (Session info: chrome=124.0.6367.91)
For documentation on this error, please visit: https://www.selenium.dev/documentation/webdriver/troubleshooting/errors#no-such-element-exception
Build info: version: '4.18.1', revision: 'b1d3319b48'
System info: os.name: 'Windows 11', os.arch: 'amd64', os.version: '10.0', java.version: '18.0.2'
Driver info: org.openqa.selenium.chrome.ChromeDriver
Command: [c54fbd166722f395912c938f12fa954d, findElement {value=//*[@id="v-pills-tabContent"]/div/div/div[1]/div/h2, using=xpath}]
Capabilities {acceptInsecureCerts: false, browserName: chrome, browserVersion: 124.0.6367.91, chrome: {chromedriverVersion: 124.0.6367.91 (51df0e5e17a8..., userDataDir: C:\Users\AHIRES~1\AppData\L...}, fedcm:accounts: true, goog:chromeOptions: {debuggerAddress: localhost:57170}, networkConnectionEnabled: false, pageLoadStrategy: normal, platformName: windows, proxy: Proxy(), se:cdp: ws://localhost:57170/devtoo..., se:cdpVersion: 124.0.6367.91, setWindowRect: true, strictFileInteractability: false, timeouts: {implicit: 0, pageLoad: 300000, script: 30000}, unhandledPromptBehavior: dismiss and notify, webauthn:extension:credBlob: true, webauthn:extension:largeBlob: true, webauthn:extension:minPinLength: true, webauthn:extension:prf: true, webauthn:virtualAuthenticators: true}
Session ID: c54fbd166722f395912c938f12fa954d]]>
            </message>
            <full-stacktrace>
              <![CDATA[org.openqa.selenium.NoSuchElementException: no such element: Unable to locate element: {"method":"xpath","selector":"//*[@id="v-pills-tabContent"]/div/div/div[1]/div/h2"}
  (Session info: chrome=124.0.6367.91)
For documentation on this error, please visit: https://www.selenium.dev/documentation/webdriver/troubleshooting/errors#no-such-element-exception
Build info: version: '4.18.1', revision: 'b1d3319b48'
System info: os.name: 'Windows 11', os.arch: 'amd64', os.version: '10.0', java.version: '18.0.2'
Driver info: org.openqa.selenium.chrome.ChromeDriver
Command: [c54fbd166722f395912c938f12fa954d, findElement {value=//*[@id="v-pills-tabContent"]/div/div/div[1]/div/h2, using=xpath}]
Capabilities {acceptInsecureCerts: false, browserName: chrome, browserVersion: 124.0.6367.91, chrome: {chromedriverVersion: 124.0.6367.91 (51df0e5e17a8..., userDataDir: C:\Users\AHIRES~1\AppData\L...}, fedcm:accounts: true, goog:chromeOptions: {debuggerAddress: localhost:57170}, networkConnectionEnabled: false, pageLoadStrategy: normal, platformName: windows, proxy: Proxy(), se:cdp: ws://localhost:57170/devtoo..., se:cdpVersion: 124.0.6367.91, setWindowRect: true, strictFileInteractability: false, timeouts: {implicit: 0, pageLoad: 300000, script: 30000}, unhandledPromptBehavior: dismiss and notify, webauthn:extension:credBlob: true, webauthn:extension:largeBlob: true, webauthn:extension:minPinLength: true, webauthn:extension:prf: true, webauthn:virtualAuthenticators: true}
Session ID: c54fbd166722f395912c938f12fa954d
at java.base/jdk.internal.reflect.DirectConstructorHandleAccessor.newInstance(DirectConstructorHandleAccessor.java:67)
at java.base/java.lang.reflect.Constructor.newInstanceWithCaller(Constructor.java:499)
at java.base/java.lang.reflect.Constructor.newInstance(Constructor.java:483)
at org.openqa.selenium.remote.ErrorCodec.decode(ErrorCodec.java:167)
at org.openqa.selenium.remote.codec.w3c.W3CHttpResponseCodec.decode(W3CHttpResponseCodec.java:138)
at org.openqa.selenium.remote.codec.w3c.W3CHttpResponseCodec.decode(W3CHttpResponseCodec.java:50)
at org.openqa.selenium.remote.HttpCommandExecutor.execute(HttpCommandExecutor.java:190)
at org.openqa.selenium.remote.service.DriverCommandExecutor.invokeExecute(DriverCommandExecutor.java:216)
at org.openqa.selenium.remote.service.DriverCommandExecutor.execute(DriverCommandExecutor.java:174)
at org.openqa.selenium.remote.RemoteWebDriver.execute(RemoteWebDriver.java:519)
at org.openqa.selenium.remote.ElementLocation$ElementFinder$2.findElement(ElementLocation.java:165)
at org.openqa.selenium.remote.ElementLocation.findElement(ElementLocation.java:59)
at org.openqa.selenium.remote.RemoteWebDriver.findElement(RemoteWebDriver.java:356)
at org.openqa.selenium.remote.RemoteWebDriver.findElement(RemoteWebDriver.java:350)
at org.openqa.selenium.support.pagefactory.DefaultElementLocator.findElement(DefaultElementLocator.java:68)
at org.openqa.selenium.support.pagefactory.internal.LocatingElementHandler.invoke(LocatingElementHandler.java:38)
at jdk.proxy2/jdk.proxy2.$Proxy14.getText(Unknown Source)
at com.ExyDoc.POMClasses.GroupInformationPOM.get_GroupName(GroupInformationPOM.java:19)
at com.ExyDoc.TestClasses.TC002_Verify_Add_Groups_Functionality.verify_Add_Groups_Informaton_Functionality(TC002_Verify_Add_Groups_Functionality.java:43)
at java.base/jdk.internal.reflect.DirectMethodHandleAccessor.invoke(DirectMethodHandleAccessor.java:104)
at java.base/java.lang.reflect.Method.invoke(Method.java:577)
at org.testng.internal.MethodInvocationHelper.invokeMethod(MethodInvocationHelper.java:133)
at org.testng.internal.TestInvoker.invokeMethod(TestInvoker.java:598)
at org.testng.internal.TestInvoker.invokeTestMethod(TestInvoker.java:173)
at org.testng.internal.MethodRunner.runInSequence(MethodRunner.java:46)
at org.testng.internal.TestInvoker$MethodInvocationAgent.invoke(TestInvoker.java:824)
at org.testng.internal.TestInvoker.invokeTestMethods(TestInvoker.java:146)
at org.testng.internal.TestMethodWorker.invokeTestMethods(TestMethodWorker.java:146)
at org.testng.internal.TestMethodWorker.run(TestMethodWorker.java:128)
at java.base/java.util.ArrayList.forEach(ArrayList.java:1511)
at org.testng.TestRunner.privateRun(TestRunner.java:794)
at org.testng.TestRunner.run(TestRunner.java:596)
at org.testng.SuiteRunner.runTest(SuiteRunner.java:377)
at org.testng.SuiteRunner.runSequentially(SuiteRunner.java:371)
at org.testng.SuiteRunner.privateRun(SuiteRunner.java:332)
at org.testng.SuiteRunner.run(SuiteRunner.java:276)
at org.testng.SuiteRunnerWorker.runSuite(SuiteRunnerWorker.java:53)
at org.testng.SuiteRunnerWorker.run(SuiteRunnerWorker.java:96)
at org.testng.TestNG.runSuitesSequentially(TestNG.java:1212)
at org.testng.TestNG.runSuitesLocally(TestNG.java:1134)
at org.testng.TestNG.runSuites(TestNG.java:1063)
at org.testng.TestNG.run(TestNG.java:1031)
at org.testng.remote.AbstractRemoteTestNG.run(AbstractRemoteTestNG.java:115)
at org.testng.remote.RemoteTestNG.initAndRun(RemoteTestNG.java:251)
at org.testng.remote.RemoteTestNG.main(RemoteTestNG.java:77)
]]>
            </full-stacktrace>
          </exception> <!-- org.openqa.selenium.NoSuchElementException -->
          <reporter-output>
          </reporter-output>
        </test-method> <!-- verify_Add_Groups_Informaton_Functionality -->
        <test-method is-config="true" signature="tearDown()[pri:0, instance:com.ExyDoc.TestClasses.TC002_Verify_Add_Groups_Functionality@4efbca5a]" started-at="2024-04-28T22:38:00 IST" name="tearDown" finished-at="2024-04-28T22:38:03 IST" duration-ms="3410" status="PASS">
          <reporter-output>
          </reporter-output>
        </test-method> <!-- tearDown -->
      </class> <!-- com.ExyDoc.TestClasses.TC002_Verify_Add_Groups_Functionality -->
      <class name="com.ExyDoc.TestClasses.TC003_Verify_Logout_Functionality">
        <test-method is-config="true" signature="setUp()[pri:0, instance:com.ExyDoc.TestClasses.TC003_Verify_Logout_Functionality@6069db50]" started-at="2024-04-28T22:36:53 IST" name="setUp" finished-at="2024-04-28T22:37:03 IST" duration-ms="9890" status="PASS">
          <reporter-output>
          </reporter-output>
        </test-method> <!-- setUp -->
        <test-method signature="verify_Logout_Functionality()[pri:0, instance:com.ExyDoc.TestClasses.TC003_Verify_Logout_Functionality@6069db50]" started-at="2024-04-28T22:37:03 IST" name="verify_Logout_Functionality" finished-at="2024-04-28T22:37:08 IST" duration-ms="5296" status="PASS">
          <reporter-output>
          </reporter-output>
        </test-method> <!-- verify_Logout_Functionality -->
        <test-method is-config="true" signature="tearDown()[pri:0, instance:com.ExyDoc.TestClasses.TC003_Verify_Logout_Functionality@6069db50]" started-at="2024-04-28T22:37:08 IST" name="tearDown" finished-at="2024-04-28T22:37:12 IST" duration-ms="3364" status="PASS">
          <reporter-output>
          </reporter-output>
        </test-method> <!-- tearDown -->
      </class> <!-- com.ExyDoc.TestClasses.TC003_Verify_Logout_Functionality -->
      <class name="com.ExyDoc.TestClasses.TC004_Verify_Add_Group_Address_Functionality">
        <test-method is-config="true" signature="setUp()[pri:0, instance:com.ExyDoc.TestClasses.TC004_Verify_Add_Group_Address_Functionality@1b7cc17c]" started-at="2024-04-28T22:38:03 IST" name="setUp" finished-at="2024-04-28T22:38:15 IST" duration-ms="11144" status="PASS">
          <reporter-output>
          </reporter-output>
        </test-method> <!-- setUp -->
        <test-method signature="verify_Add_Group_Address_Functionality()[pri:0, instance:com.ExyDoc.TestClasses.TC004_Verify_Add_Group_Address_Functionality@1b7cc17c]" started-at="2024-04-28T22:38:15 IST" name="verify_Add_Group_Address_Functionality" finished-at="2024-04-28T22:38:23 IST" duration-ms="8277" status="PASS">
          <reporter-output>
          </reporter-output>
        </test-method> <!-- verify_Add_Group_Address_Functionality -->
        <test-method is-config="true" signature="tearDown()[pri:0, instance:com.ExyDoc.TestClasses.TC004_Verify_Add_Group_Address_Functionality@1b7cc17c]" started-at="2024-04-28T22:38:23 IST" name="tearDown" finished-at="2024-04-28T22:38:26 IST" duration-ms="3400" status="PASS">
          <reporter-output>
          </reporter-output>
        </test-method> <!-- tearDown -->
      </class> <!-- com.ExyDoc.TestClasses.TC004_Verify_Add_Group_Address_Functionality -->
    </test> <!-- Test -->
  </suite> <!-- Suite -->
</testng-results>
